<?xml version="1.0" encoding="UTF-8"?>
<testng-results ignored="0" total="3" passed="2" failed="1" skipped="0">
  <reporter-output>
  </reporter-output>
  <suite started-at="2024-09-09T13:48:51 IST" name="Suite" finished-at="2024-09-09T13:49:53 IST" duration-ms="62101">
    <groups>
      <group name="Master">
        <method signature="TC001_AccountRegistrationTest.verify_Account_registration()[pri:0, instance:Testcases.TC001_AccountRegistrationTest@63fdab07]" name="verify_Account_registration" class="Testcases.TC001_AccountRegistrationTest"/>
        <method signature="TC001_AccountRegistrationTest.verify_Account_registration()[pri:0, instance:Testcases.TC001_AccountRegistrationTest@57ac5227]" name="verify_Account_registration" class="Testcases.TC001_AccountRegistrationTest"/>
        <method signature="TC001_AccountRegistrationTest.verify_Account_registration()[pri:0, instance:Testcases.TC001_AccountRegistrationTest@e98770d]" name="verify_Account_registration" class="Testcases.TC001_AccountRegistrationTest"/>
      </group> <!-- Master -->
      <group name="Regression">
        <method signature="TC001_AccountRegistrationTest.verify_Account_registration()[pri:0, instance:Testcases.TC001_AccountRegistrationTest@63fdab07]" name="verify_Account_registration" class="Testcases.TC001_AccountRegistrationTest"/>
        <method signature="TC001_AccountRegistrationTest.verify_Account_registration()[pri:0, instance:Testcases.TC001_AccountRegistrationTest@57ac5227]" name="verify_Account_registration" class="Testcases.TC001_AccountRegistrationTest"/>
        <method signature="TC001_AccountRegistrationTest.verify_Account_registration()[pri:0, instance:Testcases.TC001_AccountRegistrationTest@e98770d]" name="verify_Account_registration" class="Testcases.TC001_AccountRegistrationTest"/>
      </group> <!-- Regression -->
    </groups>
    <test started-at="2024-09-09T13:48:51 IST" name="ChromeTest" finished-at="2024-09-09T13:49:06 IST" duration-ms="14422">
      <class name="Testcases.TC001_AccountRegistrationTest">
        <test-method is-config="true" signature="setup(java.lang.String,java.lang.String)[pri:0, instance:Testcases.TC001_AccountRegistrationTest@63fdab07]" started-at="2024-09-09T13:48:51 IST" name="setup" finished-at="2024-09-09T13:49:02 IST" duration-ms="11004" status="PASS">
          <params>
            <param index="0">
              <value>
                <![CDATA[Windows]]>
              </value>
            </param>
            <param index="1">
              <value>
                <![CDATA[chrome]]>
              </value>
            </param>
          </params>
          <reporter-output>
          </reporter-output>
        </test-method> <!-- setup -->
        <test-method signature="verify_Account_registration()[pri:0, instance:Testcases.TC001_AccountRegistrationTest@63fdab07]" started-at="2024-09-09T13:49:02 IST" name="verify_Account_registration" finished-at="2024-09-09T13:49:03 IST" duration-ms="581" status="FAIL">
          <exception class="java.lang.AssertionError">
            <message>
              <![CDATA[null]]>
            </message>
            <full-stacktrace>
              <![CDATA[java.lang.AssertionError: null
at org.testng.Assert.fail(Assert.java:111)
at org.testng.Assert.fail(Assert.java:116)
at Testcases.TC001_AccountRegistrationTest.verify_Account_registration(TC001_AccountRegistrationTest.java:44)
at java.base/jdk.internal.reflect.DirectMethodHandleAccessor.invoke(DirectMethodHandleAccessor.java:103)
at java.base/java.lang.reflect.Method.invoke(Method.java:580)
at org.testng.internal.invokers.MethodInvocationHelper.invokeMethod(MethodInvocationHelper.java:141)
at org.testng.internal.invokers.TestInvoker.invokeMethod(TestInvoker.java:686)
at org.testng.internal.invokers.TestInvoker.invokeTestMethod(TestInvoker.java:230)
at org.testng.internal.invokers.MethodRunner.runInSequence(MethodRunner.java:63)
at org.testng.internal.invokers.TestInvoker$MethodInvocationAgent.invoke(TestInvoker.java:992)
at org.testng.internal.invokers.TestInvoker.invokeTestMethods(TestInvoker.java:203)
at org.testng.internal.invokers.TestMethodWorker.invokeTestMethods(TestMethodWorker.java:154)
at org.testng.internal.invokers.TestMethodWorker.run(TestMethodWorker.java:134)
at java.base/java.util.ArrayList.forEach(ArrayList.java:1596)
at org.testng.TestRunner.privateRun(TestRunner.java:739)
at org.testng.TestRunner.run(TestRunner.java:614)
at org.testng.SuiteRunner.runTest(SuiteRunner.java:421)
at org.testng.SuiteRunner$SuiteWorker.run(SuiteRunner.java:463)
at org.testng.internal.thread.ThreadUtil.lambda$execute$0(ThreadUtil.java:64)
at java.base/java.util.concurrent.FutureTask.run(FutureTask.java:317)
at java.base/java.util.concurrent.ThreadPoolExecutor.runWorker(ThreadPoolExecutor.java:1144)
at java.base/java.util.concurrent.ThreadPoolExecutor$Worker.run(ThreadPoolExecutor.java:642)
at java.base/java.lang.Thread.run(Thread.java:1583)
]]>
            </full-stacktrace>
          </exception> <!-- java.lang.AssertionError -->
          <reporter-output>
          </reporter-output>
        </test-method> <!-- verify_Account_registration -->
        <test-method is-config="true" signature="tearDown()[pri:0, instance:Testcases.TC001_AccountRegistrationTest@63fdab07]" started-at="2024-09-09T13:49:03 IST" name="tearDown" finished-at="2024-09-09T13:49:06 IST" duration-ms="2387" status="PASS">
          <reporter-output>
          </reporter-output>
        </test-method> <!-- tearDown -->
      </class> <!-- Testcases.TC001_AccountRegistrationTest -->
    </test> <!-- ChromeTest -->
    <test started-at="2024-09-09T13:48:51 IST" name="firefoxTest" finished-at="2024-09-09T13:49:19 IST" duration-ms="27650">
      <class name="Testcases.TC001_AccountRegistrationTest">
        <test-method is-config="true" signature="setup(java.lang.String,java.lang.String)[pri:0, instance:Testcases.TC001_AccountRegistrationTest@57ac5227]" started-at="2024-09-09T13:48:51 IST" name="setup" finished-at="2024-09-09T13:49:13 IST" duration-ms="21323" status="PASS">
          <params>
            <param index="0">
              <value>
                <![CDATA[Windows]]>
              </value>
            </param>
            <param index="1">
              <value>
                <![CDATA[firefox]]>
              </value>
            </param>
          </params>
          <reporter-output>
          </reporter-output>
        </test-method> <!-- setup -->
        <test-method signature="verify_Account_registration()[pri:0, instance:Testcases.TC001_AccountRegistrationTest@57ac5227]" started-at="2024-09-09T13:49:13 IST" name="verify_Account_registration" finished-at="2024-09-09T13:49:18 IST" duration-ms="5452" status="PASS">
          <reporter-output>
          </reporter-output>
        </test-method> <!-- verify_Account_registration -->
        <test-method is-config="true" signature="tearDown()[pri:0, instance:Testcases.TC001_AccountRegistrationTest@57ac5227]" started-at="2024-09-09T13:49:18 IST" name="tearDown" finished-at="2024-09-09T13:49:19 IST" duration-ms="628" status="PASS">
          <reporter-output>
          </reporter-output>
        </test-method> <!-- tearDown -->
      </class> <!-- Testcases.TC001_AccountRegistrationTest -->
    </test> <!-- firefoxTest -->
    <test started-at="2024-09-09T13:48:51 IST" name="edgeTest" finished-at="2024-09-09T13:49:53 IST" duration-ms="62100">
      <class name="Testcases.TC001_AccountRegistrationTest">
        <test-method is-config="true" signature="setup(java.lang.String,java.lang.String)[pri:0, instance:Testcases.TC001_AccountRegistrationTest@e98770d]" started-at="2024-09-09T13:48:51 IST" name="setup" finished-at="2024-09-09T13:49:50 IST" duration-ms="58688" status="PASS">
          <params>
            <param index="0">
              <value>
                <![CDATA[Windows]]>
              </value>
            </param>
            <param index="1">
              <value>
                <![CDATA[edge]]>
              </value>
            </param>
          </params>
          <reporter-output>
          </reporter-output>
        </test-method> <!-- setup -->
        <test-method signature="verify_Account_registration()[pri:0, instance:Testcases.TC001_AccountRegistrationTest@e98770d]" started-at="2024-09-09T13:49:50 IST" name="verify_Account_registration" finished-at="2024-09-09T13:49:53 IST" duration-ms="2784" status="PASS">
          <reporter-output>
          </reporter-output>
        </test-method> <!-- verify_Account_registration -->
        <test-method is-config="true" signature="tearDown()[pri:0, instance:Testcases.TC001_AccountRegistrationTest@e98770d]" started-at="2024-09-09T13:49:53 IST" name="tearDown" finished-at="2024-09-09T13:49:53 IST" duration-ms="385" status="PASS">
          <reporter-output>
          </reporter-output>
        </test-method> <!-- tearDown -->
      </class> <!-- Testcases.TC001_AccountRegistrationTest -->
    </test> <!-- edgeTest -->
  </suite> <!-- Suite -->
</testng-results>
